2025-06-06 15:57:27.531 [main] INFO  hit.cs.sciencefms.ScienceFmsApplication - Starting ScienceFmsApplication using Java 17.0.10 with PID 28784 (D:\Codes\SchoolProject\Java\SoftwareProjection\scienceSystem\BackEnd\scienceFMS\target\classes started by DELL in D:\Codes\SchoolProject\Java\SoftwareProjection\scienceSystem\BackEnd\scienceFMS)
2025-06-06 15:57:27.536 [main] DEBUG hit.cs.sciencefms.ScienceFmsApplication - Running with Spring Boot v3.0.2, Spring v6.0.4
2025-06-06 15:57:27.537 [main] INFO  hit.cs.sciencefms.ScienceFmsApplication - No active profile set, falling back to 1 default profile: "default"
2025-06-06 15:57:29.406 [main] INFO  o.s.boot.web.embedded.tomcat.TomcatWebServer - Tomcat initialized with port(s): 8082 (http)
2025-06-06 15:57:29.418 [main] INFO  org.apache.catalina.core.StandardService - Starting service [Tomcat]
2025-06-06 15:57:29.418 [main] INFO  org.apache.catalina.core.StandardEngine - Starting Servlet engine: [Apache Tomcat/10.1.5]
2025-06-06 15:57:29.487 [main] INFO  o.a.c.core.ContainerBase.[Tomcat].[localhost].[/] - Initializing Spring embedded WebApplicationContext
2025-06-06 15:57:29.487 [main] INFO  o.s.b.w.s.c.ServletWebServerApplicationContext - Root WebApplicationContext: initialization completed in 1916 ms
2025-06-06 15:57:29.571 [main] DEBUG hit.cs.sciencefms.config.JwtFilter - Filter 'jwtFilter' configured for use
2025-06-06 15:57:30.274 [main] INFO  o.s.b.a.web.servlet.WelcomePageHandlerMapping - Adding welcome page: class path resource [static/index.html]
2025-06-06 15:57:30.433 [main] INFO  o.s.boot.web.embedded.tomcat.TomcatWebServer - Tomcat started on port(s): 8082 (http) with context path ''
2025-06-06 15:57:30.440 [main] INFO  hit.cs.sciencefms.ScienceFmsApplication - Started ScienceFmsApplication in 3.275 seconds (process running for 3.856)
2025-06-06 15:58:05.421 [http-nio-8082-exec-1] INFO  o.a.c.core.ContainerBase.[Tomcat].[localhost].[/] - Initializing Spring DispatcherServlet 'dispatcherServlet'
2025-06-06 15:58:05.421 [http-nio-8082-exec-1] INFO  org.springframework.web.servlet.DispatcherServlet - Initializing Servlet 'dispatcherServlet'
2025-06-06 15:58:05.421 [http-nio-8082-exec-1] INFO  org.springframework.web.servlet.DispatcherServlet - Completed initialization in 0 ms
2025-06-06 15:58:05.533 [http-nio-8082-exec-6] INFO  hit.cs.sciencefms.service.impl.UserServiceImpl - 用户登录: teacher1
2025-06-06 15:58:05.596 [http-nio-8082-exec-6] WARN  c.b.m.core.toolkit.support.ReflectLambdaMeta - Unable to make field private final java.lang.Class java.lang.invoke.SerializedLambda.capturingClass accessible: module java.base does not "opens java.lang.invoke" to unnamed module @75d4a5c2
2025-06-06 15:58:05.627 [http-nio-8082-exec-6] INFO  com.zaxxer.hikari.HikariDataSource - HikariPool-1 - Starting...
2025-06-06 15:58:06.377 [http-nio-8082-exec-6] INFO  com.zaxxer.hikari.pool.HikariPool - HikariPool-1 - Added connection org.postgresql.jdbc.PgConnection@7224ca6c
2025-06-06 15:58:06.380 [http-nio-8082-exec-6] INFO  com.zaxxer.hikari.HikariDataSource - HikariPool-1 - Start completed.
2025-06-06 15:58:06.394 [http-nio-8082-exec-6] DEBUG hit.cs.sciencefms.mapper.UserMapper.selectList - ==>  Preparing: SELECT id,username,password,role,real_name,email,phone,status,login_fail_count,create_time,update_time FROM t_user WHERE (username = ?)
2025-06-06 15:58:06.417 [http-nio-8082-exec-6] DEBUG hit.cs.sciencefms.mapper.UserMapper.selectList - ==> Parameters: teacher1(String)
2025-06-06 15:58:06.469 [http-nio-8082-exec-6] DEBUG hit.cs.sciencefms.mapper.UserMapper.selectList - <==      Total: 1
2025-06-06 15:58:06.475 [http-nio-8082-exec-6] DEBUG h.c.s.mapper.UserMapper.resetLoginFailCount - ==>  Preparing: UPDATE t_user SET login_fail_count = 0 WHERE username = ?
2025-06-06 15:58:06.475 [http-nio-8082-exec-6] DEBUG h.c.s.mapper.UserMapper.resetLoginFailCount - ==> Parameters: teacher1(String)
2025-06-06 15:58:06.532 [http-nio-8082-exec-6] DEBUG h.c.s.mapper.UserMapper.resetLoginFailCount - <==    Updates: 1
2025-06-06 15:58:06.569 [http-nio-8082-exec-6] INFO  hit.cs.sciencefms.service.impl.UserServiceImpl - JWT token: eyJhbGciOiJIUzUxMiJ9.eyJyb2xlIjoidGVhY2hlciIsInVzZXJJZCI6MiwidXNlcm5hbWUiOiJ0ZWFjaGVyMSIsImlhdCI6MTc0OTE5NjY4NiwiZXhwIjoxNzQ5MjgzMDg2fQ.gaOpkdQccZd8EARdloJGQKFkKkAcG8WIQViTxlm0DP_19svL025bTRmq0f65zanyf6fX-hnZztf-8tmjUDSDZw
2025-06-06 15:58:06.576 [http-nio-8082-exec-6] DEBUG hit.cs.sciencefms.mapper.TeacherMapper.selectList - ==>  Preparing: SELECT id,username,real_name,gender,birth_date,title,department,position,research_area,email,phone,office_location,avatar_url,create_time,update_time,is_deleted FROM t_teacher WHERE is_deleted=0 AND (username = ?)
2025-06-06 15:58:06.576 [http-nio-8082-exec-6] DEBUG hit.cs.sciencefms.mapper.TeacherMapper.selectList - ==> Parameters: teacher1(String)
2025-06-06 15:58:06.623 [http-nio-8082-exec-6] DEBUG hit.cs.sciencefms.mapper.TeacherMapper.selectList - <==      Total: 1
2025-06-06 15:58:06.757 [http-nio-8082-exec-4] INFO  hit.cs.sciencefms.util.JwtUtil - JWT验证成功
2025-06-06 15:58:06.763 [http-nio-8082-exec-4] WARN  o.s.core.LocalVariableTableParameterNameDiscoverer - Using deprecated '-debug' fallback for parameter name resolution. Compile the affected code with '-parameters' instead or avoid its introspection: hit.cs.sciencefms.controller.TeacherProfileController
2025-06-06 15:58:06.763 [http-nio-8082-exec-4] DEBUG h.c.s.mapper.TeacherMapper.selectByUsername - ==>  Preparing: SELECT * FROM t_teacher WHERE username = ? AND is_deleted = 0
2025-06-06 15:58:06.763 [http-nio-8082-exec-4] DEBUG h.c.s.mapper.TeacherMapper.selectByUsername - ==> Parameters: teacher1(String)
2025-06-06 15:58:06.805 [http-nio-8082-exec-4] DEBUG h.c.s.mapper.TeacherMapper.selectByUsername - <==      Total: 1
2025-06-06 15:58:06.805 [http-nio-8082-exec-4] DEBUG h.c.s.m.TeacherEducationMapper.selectByTeacherId - ==>  Preparing: SELECT * FROM t_teacher_education WHERE teacher_id = ? AND is_deleted = 0 ORDER BY end_year DESC
2025-06-06 15:58:06.815 [http-nio-8082-exec-4] DEBUG h.c.s.m.TeacherEducationMapper.selectByTeacherId - ==> Parameters: 1(Long)
2025-06-06 15:58:06.850 [http-nio-8082-exec-4] DEBUG h.c.s.m.TeacherEducationMapper.selectByTeacherId - <==      Total: 3
2025-06-06 15:58:10.042 [http-nio-8082-exec-2] INFO  hit.cs.sciencefms.util.JwtUtil - JWT验证成功
2025-06-06 15:58:10.217 [http-nio-8082-exec-2] DEBUG h.c.s.m.ResearchProjectMapper.selectPage_mpCount - ==>  Preparing: SELECT COUNT(*) AS total FROM t_research_project WHERE is_deleted = 0 AND (teacher_id = ?)
2025-06-06 15:58:10.218 [http-nio-8082-exec-2] DEBUG h.c.s.m.ResearchProjectMapper.selectPage_mpCount - ==> Parameters: 1(Long)
2025-06-06 15:58:10.247 [http-nio-8082-exec-2] DEBUG h.c.s.m.ResearchProjectMapper.selectPage_mpCount - <==      Total: 1
2025-06-06 15:58:10.257 [http-nio-8082-exec-2] DEBUG h.c.s.mapper.ResearchProjectMapper.selectPage - ==>  Preparing: SELECT id,project_name,project_code,source,funding,start_date,end_date,attachments,teacher_id,role,create_time,update_time,is_deleted FROM t_research_project WHERE is_deleted=0 AND (teacher_id = ?) ORDER BY create_time DESC LIMIT ?
2025-06-06 15:58:10.257 [http-nio-8082-exec-2] DEBUG h.c.s.mapper.ResearchProjectMapper.selectPage - ==> Parameters: 1(Long), 10(Long)
2025-06-06 15:58:10.449 [http-nio-8082-exec-2] DEBUG h.c.s.mapper.ResearchProjectMapper.selectPage - <==      Total: 5
2025-06-06 15:58:14.625 [http-nio-8082-exec-10] INFO  hit.cs.sciencefms.util.JwtUtil - JWT验证成功
2025-06-06 15:58:14.626 [http-nio-8082-exec-9] INFO  hit.cs.sciencefms.util.JwtUtil - JWT验证成功
2025-06-06 15:58:14.663 [http-nio-8082-exec-10] DEBUG h.c.s.m.ResearchProjectMapper.selectPage_mpCount - ==>  Preparing: SELECT COUNT(*) AS total FROM t_research_project WHERE is_deleted = 0 AND (teacher_id = ?)
2025-06-06 15:58:14.663 [http-nio-8082-exec-10] DEBUG h.c.s.m.ResearchProjectMapper.selectPage_mpCount - ==> Parameters: 1(Long)
2025-06-06 15:58:14.697 [http-nio-8082-exec-9] DEBUG h.c.s.mapper.AwardMapper.selectPage_mpCount - ==>  Preparing: SELECT COUNT(*) AS total FROM t_award WHERE is_deleted = 0 AND (teacher_id = ?)
2025-06-06 15:58:14.697 [http-nio-8082-exec-9] DEBUG h.c.s.mapper.AwardMapper.selectPage_mpCount - ==> Parameters: 1(Long)
2025-06-06 15:58:14.729 [http-nio-8082-exec-10] DEBUG h.c.s.m.ResearchProjectMapper.selectPage_mpCount - <==      Total: 1
2025-06-06 15:58:14.730 [http-nio-8082-exec-10] DEBUG h.c.s.mapper.ResearchProjectMapper.selectPage - ==>  Preparing: SELECT id,project_name,project_code,source,funding,start_date,end_date,attachments,teacher_id,role,create_time,update_time,is_deleted FROM t_research_project WHERE is_deleted=0 AND (teacher_id = ?) ORDER BY create_time DESC LIMIT ?
2025-06-06 15:58:14.730 [http-nio-8082-exec-9] DEBUG h.c.s.mapper.AwardMapper.selectPage_mpCount - <==      Total: 1
2025-06-06 15:58:14.730 [http-nio-8082-exec-10] DEBUG h.c.s.mapper.ResearchProjectMapper.selectPage - ==> Parameters: 1(Long), 100(Long)
2025-06-06 15:58:14.733 [http-nio-8082-exec-9] DEBUG hit.cs.sciencefms.mapper.AwardMapper.selectPage - ==>  Preparing: SELECT id,award_name,award_level,issuing_unit,award_date,certificate_image,related_project_id,teacher_id,create_time,update_time,is_deleted FROM t_award WHERE is_deleted=0 AND (teacher_id = ?) ORDER BY award_date DESC LIMIT ?
2025-06-06 15:58:14.733 [http-nio-8082-exec-9] DEBUG hit.cs.sciencefms.mapper.AwardMapper.selectPage - ==> Parameters: 1(Long), 10(Long)
2025-06-06 15:58:14.771 [http-nio-8082-exec-9] DEBUG hit.cs.sciencefms.mapper.AwardMapper.selectPage - <==      Total: 3
2025-06-06 15:58:14.782 [http-nio-8082-exec-10] DEBUG h.c.s.mapper.ResearchProjectMapper.selectPage - <==      Total: 5
2025-06-06 15:58:15.410 [http-nio-8082-exec-6] INFO  hit.cs.sciencefms.util.JwtUtil - JWT验证成功
2025-06-06 15:58:15.446 [http-nio-8082-exec-6] DEBUG h.c.s.m.I.selectPage_mpCount - ==>  Preparing: SELECT COUNT(*) AS total FROM t_intellectual_property WHERE is_deleted = 0 AND (teacher_id = ?)
2025-06-06 15:58:15.446 [http-nio-8082-exec-6] DEBUG h.c.s.m.I.selectPage_mpCount - ==> Parameters: 2(Long)
2025-06-06 15:58:15.480 [http-nio-8082-exec-6] DEBUG h.c.s.m.I.selectPage_mpCount - <==      Total: 1
2025-06-06 15:58:15.480 [http-nio-8082-exec-6] DEBUG h.c.s.mapper.IntellectualPropertyMapper.selectPage - ==>  Preparing: SELECT id,title,type,subtype,auth_number,apply_date,auth_date,inventor_rank,teacher_id,create_time,update_time,is_deleted FROM t_intellectual_property WHERE is_deleted=0 AND (teacher_id = ?) ORDER BY auth_date DESC,apply_date DESC LIMIT ?
2025-06-06 15:58:15.487 [http-nio-8082-exec-6] DEBUG h.c.s.mapper.IntellectualPropertyMapper.selectPage - ==> Parameters: 2(Long), 10(Long)
2025-06-06 15:58:15.535 [http-nio-8082-exec-6] DEBUG h.c.s.mapper.IntellectualPropertyMapper.selectPage - <==      Total: 4
2025-06-06 15:58:15.788 [http-nio-8082-exec-5] INFO  hit.cs.sciencefms.util.JwtUtil - JWT验证成功
2025-06-06 15:58:15.788 [http-nio-8082-exec-2] INFO  hit.cs.sciencefms.util.JwtUtil - JWT验证成功
2025-06-06 15:58:15.795 [http-nio-8082-exec-2] DEBUG h.c.s.mapper.VisitRecordMapper.selectPage_mpCount - ==>  Preparing: SELECT COUNT(*) AS total FROM t_visit_record WHERE is_deleted = 0 AND (teacher_id = ?)
2025-06-06 15:58:15.795 [http-nio-8082-exec-2] DEBUG h.c.s.mapper.VisitRecordMapper.selectPage_mpCount - ==> Parameters: 1(Long)
2025-06-06 15:58:15.836 [http-nio-8082-exec-5] DEBUG h.c.s.mapper.VisitRecordMapper.selectCount - ==>  Preparing: SELECT COUNT( * ) AS total FROM t_visit_record WHERE is_deleted=0 AND (teacher_id = ? AND (start_date BETWEEN ? AND ? OR end_date BETWEEN ? AND ? AND (start_date < ? AND end_date > ?)))
2025-06-06 15:58:15.837 [http-nio-8082-exec-5] DEBUG h.c.s.mapper.VisitRecordMapper.selectCount - ==> Parameters: 1(Long), 2025-01-01(LocalDate), 2025-12-31(LocalDate), 2025-01-01(LocalDate), 2025-12-31(LocalDate), 2025-01-01(LocalDate), 2025-12-31(LocalDate)
2025-06-06 15:58:15.840 [http-nio-8082-exec-2] DEBUG h.c.s.mapper.VisitRecordMapper.selectPage_mpCount - <==      Total: 1
2025-06-06 15:58:15.841 [http-nio-8082-exec-2] DEBUG h.c.sciencefms.mapper.VisitRecordMapper.selectPage - ==>  Preparing: SELECT id,purpose,location,start_date,end_date,result,itinerary_file,report_file,reimbursement_status,reimbursement_amount,teacher_id,create_time,update_time,is_deleted FROM t_visit_record WHERE is_deleted=0 AND (teacher_id = ?) ORDER BY start_date DESC LIMIT ?
2025-06-06 15:58:15.843 [http-nio-8082-exec-2] DEBUG h.c.sciencefms.mapper.VisitRecordMapper.selectPage - ==> Parameters: 1(Long), 10(Long)
2025-06-06 15:58:15.866 [http-nio-8082-exec-5] DEBUG h.c.s.mapper.VisitRecordMapper.selectCount - <==      Total: 1
2025-06-06 15:58:15.871 [http-nio-8082-exec-2] DEBUG h.c.sciencefms.mapper.VisitRecordMapper.selectPage - <==      Total: 4
2025-06-06 16:27:31.879 [http-nio-8082-exec-10] INFO  hit.cs.sciencefms.util.JwtUtil - JWT验证成功
2025-06-06 16:27:31.916 [http-nio-8082-exec-10] DEBUG h.c.s.m.ResearchProjectMapper.selectPage_mpCount - ==>  Preparing: SELECT COUNT(*) AS total FROM t_research_project WHERE is_deleted = 0 AND (teacher_id = ?)
2025-06-06 16:27:31.916 [http-nio-8082-exec-10] DEBUG h.c.s.m.ResearchProjectMapper.selectPage_mpCount - ==> Parameters: 1(Long)
2025-06-06 16:27:31.942 [http-nio-8082-exec-10] DEBUG h.c.s.m.ResearchProjectMapper.selectPage_mpCount - <==      Total: 1
2025-06-06 16:27:31.950 [http-nio-8082-exec-10] DEBUG h.c.s.mapper.ResearchProjectMapper.selectPage - ==>  Preparing: SELECT id,project_name,project_code,source,funding,start_date,end_date,attachments,teacher_id,role,create_time,update_time,is_deleted FROM t_research_project WHERE is_deleted=0 AND (teacher_id = ?) ORDER BY create_time DESC LIMIT ?
2025-06-06 16:27:31.951 [http-nio-8082-exec-10] DEBUG h.c.s.mapper.ResearchProjectMapper.selectPage - ==> Parameters: 1(Long), 10(Long)
2025-06-06 16:27:31.984 [http-nio-8082-exec-10] DEBUG h.c.s.mapper.ResearchProjectMapper.selectPage - <==      Total: 5
2025-06-06 16:27:32.800 [http-nio-8082-exec-9] INFO  hit.cs.sciencefms.util.JwtUtil - JWT验证成功
2025-06-06 16:27:32.800 [http-nio-8082-exec-1] INFO  hit.cs.sciencefms.util.JwtUtil - JWT验证成功
2025-06-06 16:27:32.866 [http-nio-8082-exec-1] DEBUG h.c.s.m.ResearchProjectMapper.selectPage_mpCount - ==>  Preparing: SELECT COUNT(*) AS total FROM t_research_project WHERE is_deleted = 0 AND (teacher_id = ?)
2025-06-06 16:27:32.866 [http-nio-8082-exec-1] DEBUG h.c.s.m.ResearchProjectMapper.selectPage_mpCount - ==> Parameters: 1(Long)
2025-06-06 16:27:32.866 [http-nio-8082-exec-9] DEBUG h.c.s.mapper.AwardMapper.selectPage_mpCount - ==>  Preparing: SELECT COUNT(*) AS total FROM t_award WHERE is_deleted = 0 AND (teacher_id = ?)
2025-06-06 16:27:32.866 [http-nio-8082-exec-9] DEBUG h.c.s.mapper.AwardMapper.selectPage_mpCount - ==> Parameters: 1(Long)
2025-06-06 16:27:32.899 [http-nio-8082-exec-1] DEBUG h.c.s.m.ResearchProjectMapper.selectPage_mpCount - <==      Total: 1
2025-06-06 16:27:32.899 [http-nio-8082-exec-9] DEBUG h.c.s.mapper.AwardMapper.selectPage_mpCount - <==      Total: 1
2025-06-06 16:27:32.899 [http-nio-8082-exec-9] DEBUG hit.cs.sciencefms.mapper.AwardMapper.selectPage - ==>  Preparing: SELECT id,award_name,award_level,issuing_unit,award_date,certificate_image,related_project_id,teacher_id,create_time,update_time,is_deleted FROM t_award WHERE is_deleted=0 AND (teacher_id = ?) ORDER BY award_date DESC LIMIT ?
2025-06-06 16:27:32.899 [http-nio-8082-exec-1] DEBUG h.c.s.mapper.ResearchProjectMapper.selectPage - ==>  Preparing: SELECT id,project_name,project_code,source,funding,start_date,end_date,attachments,teacher_id,role,create_time,update_time,is_deleted FROM t_research_project WHERE is_deleted=0 AND (teacher_id = ?) ORDER BY create_time DESC LIMIT ?
2025-06-06 16:27:32.899 [http-nio-8082-exec-9] DEBUG hit.cs.sciencefms.mapper.AwardMapper.selectPage - ==> Parameters: 1(Long), 10(Long)
2025-06-06 16:27:32.899 [http-nio-8082-exec-1] DEBUG h.c.s.mapper.ResearchProjectMapper.selectPage - ==> Parameters: 1(Long), 100(Long)
2025-06-06 16:27:33.100 [http-nio-8082-exec-9] DEBUG hit.cs.sciencefms.mapper.AwardMapper.selectPage - <==      Total: 3
2025-06-06 16:27:33.108 [http-nio-8082-exec-1] DEBUG h.c.s.mapper.ResearchProjectMapper.selectPage - <==      Total: 5
2025-06-06 16:27:33.417 [http-nio-8082-exec-4] INFO  hit.cs.sciencefms.util.JwtUtil - JWT验证成功
2025-06-06 16:27:33.417 [http-nio-8082-exec-6] INFO  hit.cs.sciencefms.util.JwtUtil - JWT验证成功
2025-06-06 16:27:33.420 [http-nio-8082-exec-4] DEBUG h.c.s.mapper.VisitRecordMapper.selectCount - ==>  Preparing: SELECT COUNT( * ) AS total FROM t_visit_record WHERE is_deleted=0 AND (teacher_id = ? AND (start_date BETWEEN ? AND ? OR end_date BETWEEN ? AND ? AND (start_date < ? AND end_date > ?)))
2025-06-06 16:27:33.421 [http-nio-8082-exec-4] DEBUG h.c.s.mapper.VisitRecordMapper.selectCount - ==> Parameters: 1(Long), 2025-01-01(LocalDate), 2025-12-31(LocalDate), 2025-01-01(LocalDate), 2025-12-31(LocalDate), 2025-01-01(LocalDate), 2025-12-31(LocalDate)
2025-06-06 16:27:33.421 [http-nio-8082-exec-6] DEBUG h.c.s.mapper.VisitRecordMapper.selectPage_mpCount - ==>  Preparing: SELECT COUNT(*) AS total FROM t_visit_record WHERE is_deleted = 0 AND (teacher_id = ?)
2025-06-06 16:27:33.422 [http-nio-8082-exec-6] DEBUG h.c.s.mapper.VisitRecordMapper.selectPage_mpCount - ==> Parameters: 1(Long)
2025-06-06 16:27:33.483 [http-nio-8082-exec-4] DEBUG h.c.s.mapper.VisitRecordMapper.selectCount - <==      Total: 1
2025-06-06 16:27:33.491 [http-nio-8082-exec-6] DEBUG h.c.s.mapper.VisitRecordMapper.selectPage_mpCount - <==      Total: 1
2025-06-06 16:27:33.491 [http-nio-8082-exec-6] DEBUG h.c.sciencefms.mapper.VisitRecordMapper.selectPage - ==>  Preparing: SELECT id,purpose,location,start_date,end_date,result,itinerary_file,report_file,reimbursement_status,reimbursement_amount,teacher_id,create_time,update_time,is_deleted FROM t_visit_record WHERE is_deleted=0 AND (teacher_id = ?) ORDER BY start_date DESC LIMIT ?
2025-06-06 16:27:33.491 [http-nio-8082-exec-6] DEBUG h.c.sciencefms.mapper.VisitRecordMapper.selectPage - ==> Parameters: 1(Long), 10(Long)
2025-06-06 16:27:33.524 [http-nio-8082-exec-6] DEBUG h.c.sciencefms.mapper.VisitRecordMapper.selectPage - <==      Total: 4
2025-06-06 16:32:43.457 [http-nio-8082-exec-2] INFO  hit.cs.sciencefms.util.JwtUtil - JWT验证成功
2025-06-06 16:32:43.495 [http-nio-8082-exec-2] DEBUG h.c.s.m.ResearchProjectMapper.selectPage_mpCount - ==>  Preparing: SELECT COUNT(*) AS total FROM t_research_project WHERE is_deleted = 0 AND (teacher_id = ?)
2025-06-06 16:32:43.497 [http-nio-8082-exec-2] DEBUG h.c.s.m.ResearchProjectMapper.selectPage_mpCount - ==> Parameters: 1(Long)
2025-06-06 16:32:43.550 [http-nio-8082-exec-2] DEBUG h.c.s.m.ResearchProjectMapper.selectPage_mpCount - <==      Total: 1
2025-06-06 16:32:43.550 [http-nio-8082-exec-2] DEBUG h.c.s.mapper.ResearchProjectMapper.selectPage - ==>  Preparing: SELECT id,project_name,project_code,source,funding,start_date,end_date,attachments,teacher_id,role,create_time,update_time,is_deleted FROM t_research_project WHERE is_deleted=0 AND (teacher_id = ?) ORDER BY create_time DESC LIMIT ?
2025-06-06 16:32:43.550 [http-nio-8082-exec-2] DEBUG h.c.s.mapper.ResearchProjectMapper.selectPage - ==> Parameters: 1(Long), 10(Long)
2025-06-06 16:32:43.580 [http-nio-8082-exec-2] DEBUG h.c.s.mapper.ResearchProjectMapper.selectPage - <==      Total: 5
2025-06-06 16:32:44.708 [http-nio-8082-exec-7] INFO  hit.cs.sciencefms.util.JwtUtil - JWT验证成功
2025-06-06 16:32:44.708 [http-nio-8082-exec-8] INFO  hit.cs.sciencefms.util.JwtUtil - JWT验证成功
2025-06-06 16:32:44.788 [http-nio-8082-exec-8] DEBUG h.c.s.mapper.VisitRecordMapper.selectCount - ==>  Preparing: SELECT COUNT( * ) AS total FROM t_visit_record WHERE is_deleted=0 AND (teacher_id = ? AND (start_date BETWEEN ? AND ? OR end_date BETWEEN ? AND ? AND (start_date < ? AND end_date > ?)))
2025-06-06 16:32:44.789 [http-nio-8082-exec-8] DEBUG h.c.s.mapper.VisitRecordMapper.selectCount - ==> Parameters: 1(Long), 2025-01-01(LocalDate), 2025-12-31(LocalDate), 2025-01-01(LocalDate), 2025-12-31(LocalDate), 2025-01-01(LocalDate), 2025-12-31(LocalDate)
2025-06-06 16:32:44.789 [http-nio-8082-exec-7] DEBUG h.c.s.mapper.VisitRecordMapper.selectPage_mpCount - ==>  Preparing: SELECT COUNT(*) AS total FROM t_visit_record WHERE is_deleted = 0 AND (teacher_id = ?)
2025-06-06 16:32:44.789 [http-nio-8082-exec-7] DEBUG h.c.s.mapper.VisitRecordMapper.selectPage_mpCount - ==> Parameters: 1(Long)
2025-06-06 16:32:44.814 [http-nio-8082-exec-7] DEBUG h.c.s.mapper.VisitRecordMapper.selectPage_mpCount - <==      Total: 1
2025-06-06 16:32:44.814 [http-nio-8082-exec-7] DEBUG h.c.sciencefms.mapper.VisitRecordMapper.selectPage - ==>  Preparing: SELECT id,purpose,location,start_date,end_date,result,itinerary_file,report_file,reimbursement_status,reimbursement_amount,teacher_id,create_time,update_time,is_deleted FROM t_visit_record WHERE is_deleted=0 AND (teacher_id = ?) ORDER BY start_date DESC LIMIT ?
2025-06-06 16:32:44.814 [http-nio-8082-exec-7] DEBUG h.c.sciencefms.mapper.VisitRecordMapper.selectPage - ==> Parameters: 1(Long), 10(Long)
2025-06-06 16:32:44.822 [http-nio-8082-exec-8] DEBUG h.c.s.mapper.VisitRecordMapper.selectCount - <==      Total: 1
2025-06-06 16:32:44.848 [http-nio-8082-exec-7] DEBUG h.c.sciencefms.mapper.VisitRecordMapper.selectPage - <==      Total: 4
2025-06-06 16:42:49.967 [http-nio-8082-exec-1] INFO  hit.cs.sciencefms.util.JwtUtil - JWT验证成功
2025-06-06 16:42:50.120 [http-nio-8082-exec-1] DEBUG h.c.s.m.ResearchProjectMapper.selectPage_mpCount - ==>  Preparing: SELECT COUNT(*) AS total FROM t_research_project WHERE is_deleted = 0 AND (teacher_id = ?)
2025-06-06 16:42:50.120 [http-nio-8082-exec-1] DEBUG h.c.s.m.ResearchProjectMapper.selectPage_mpCount - ==> Parameters: 1(Long)
2025-06-06 16:42:50.317 [http-nio-8082-exec-1] DEBUG h.c.s.m.ResearchProjectMapper.selectPage_mpCount - <==      Total: 1
2025-06-06 16:42:50.317 [http-nio-8082-exec-1] DEBUG h.c.s.mapper.ResearchProjectMapper.selectPage - ==>  Preparing: SELECT id,project_name,project_code,source,funding,start_date,end_date,attachments,teacher_id,role,create_time,update_time,is_deleted FROM t_research_project WHERE is_deleted=0 AND (teacher_id = ?) ORDER BY create_time DESC LIMIT ?
2025-06-06 16:42:50.317 [http-nio-8082-exec-1] DEBUG h.c.s.mapper.ResearchProjectMapper.selectPage - ==> Parameters: 1(Long), 10(Long)
2025-06-06 16:42:50.507 [http-nio-8082-exec-1] DEBUG h.c.s.mapper.ResearchProjectMapper.selectPage - <==      Total: 5
2025-06-06 16:42:52.953 [http-nio-8082-exec-6] INFO  hit.cs.sciencefms.util.JwtUtil - JWT验证成功
2025-06-06 16:42:52.953 [http-nio-8082-exec-4] INFO  hit.cs.sciencefms.util.JwtUtil - JWT验证成功
2025-06-06 16:42:53.306 [http-nio-8082-exec-6] DEBUG h.c.s.m.ResearchProjectMapper.selectPage_mpCount - ==>  Preparing: SELECT COUNT(*) AS total FROM t_research_project WHERE is_deleted = 0 AND (teacher_id = ?)
2025-06-06 16:42:53.306 [http-nio-8082-exec-6] DEBUG h.c.s.m.ResearchProjectMapper.selectPage_mpCount - ==> Parameters: 1(Long)
2025-06-06 16:42:53.389 [http-nio-8082-exec-4] DEBUG h.c.s.mapper.AwardMapper.selectPage_mpCount - ==>  Preparing: SELECT COUNT(*) AS total FROM t_award WHERE is_deleted = 0 AND (teacher_id = ?)
2025-06-06 16:42:53.389 [http-nio-8082-exec-4] DEBUG h.c.s.mapper.AwardMapper.selectPage_mpCount - ==> Parameters: 1(Long)
2025-06-06 16:42:53.527 [http-nio-8082-exec-6] DEBUG h.c.s.m.ResearchProjectMapper.selectPage_mpCount - <==      Total: 1
2025-06-06 16:42:53.527 [http-nio-8082-exec-6] DEBUG h.c.s.mapper.ResearchProjectMapper.selectPage - ==>  Preparing: SELECT id,project_name,project_code,source,funding,start_date,end_date,attachments,teacher_id,role,create_time,update_time,is_deleted FROM t_research_project WHERE is_deleted=0 AND (teacher_id = ?) ORDER BY create_time DESC LIMIT ?
2025-06-06 16:42:53.527 [http-nio-8082-exec-6] DEBUG h.c.s.mapper.ResearchProjectMapper.selectPage - ==> Parameters: 1(Long), 100(Long)
2025-06-06 16:42:53.580 [http-nio-8082-exec-4] DEBUG h.c.s.mapper.AwardMapper.selectPage_mpCount - <==      Total: 1
2025-06-06 16:42:53.585 [http-nio-8082-exec-4] DEBUG hit.cs.sciencefms.mapper.AwardMapper.selectPage - ==>  Preparing: SELECT id,award_name,award_level,issuing_unit,award_date,certificate_image,related_project_id,teacher_id,create_time,update_time,is_deleted FROM t_award WHERE is_deleted=0 AND (teacher_id = ?) ORDER BY award_date DESC LIMIT ?
2025-06-06 16:42:53.586 [http-nio-8082-exec-4] DEBUG hit.cs.sciencefms.mapper.AwardMapper.selectPage - ==> Parameters: 1(Long), 10(Long)
2025-06-06 16:42:53.725 [http-nio-8082-exec-6] DEBUG h.c.s.mapper.ResearchProjectMapper.selectPage - <==      Total: 5
2025-06-06 16:42:53.783 [http-nio-8082-exec-4] DEBUG hit.cs.sciencefms.mapper.AwardMapper.selectPage - <==      Total: 3
2025-06-06 17:19:01.196 [SpringApplicationShutdownHook] INFO  com.zaxxer.hikari.HikariDataSource - HikariPool-1 - Shutdown initiated...
2025-06-06 17:19:01.207 [SpringApplicationShutdownHook] INFO  com.zaxxer.hikari.HikariDataSource - HikariPool-1 - Shutdown completed.
